# JRE version: Java(TM) SE Runtime Environment (9.0+11) (build 9.0.4+11)
# Java VM: Java HotSpot(TM) 64-Bit Server VM (9.0.4+11, mixed mode, tiered, compressed oops, g1 gc, windows-amd64)
Heap:
 garbage-first heap   total 189440K, used 47309K [0x0000000081600000, 0x00000000817005c8, 0x0000000100000000)
  region size 1024K, 10 young (10240K), 10 survivors (10240K)
 Metaspace       used 30873K, capacity 32022K, committed 32256K, reserved 1077248K
  class space    used 3244K, capacity 3484K, committed 3584K, reserved 1048576K
GC Heap History (10 events):
Event: 3.654 GC heap after
{Heap after GC invocations=6 (full 0):
 garbage-first heap   total 131072K, used 14017K [0x0000000081600000, 0x0000000081700400, 0x0000000100000000)
  region size 1024K, 6 young (6144K), 6 survivors (6144K)
 Metaspace       used 22248K, capacity 22778K, committed 23040K, reserved 1069056K
  class space    used 2310K, capacity 2448K, committed 2560K, reserved 1048576K
}
Event: 4.835 GC heap before
{Heap before GC invocations=6 (full 0):
 garbage-first heap   total 131072K, used 85697K [0x0000000081600000, 0x0000000081700400, 0x0000000100000000)
  region size 1024K, 76 young (77824K), 6 survivors (6144K)
 Metaspace       used 25277K, capacity 26020K, committed 26368K, reserved 1073152K
  class space    used 2634K, capacity 2805K, committed 2816K, reserved 1048576K
}
Event: 4.844 GC heap after
{Heap after GC invocations=7 (full 0):
 garbage-first heap   total 157696K, used 18264K [0x0000000081600000, 0x00000000817004d0, 0x0000000100000000)
  region size 1024K, 10 young (10240K), 10 survivors (10240K)
 Metaspace       used 25277K, capacity 26020K, committed 26368K, reserved 1073152K
  class space    used 2634K, capacity 2805K, committed 2816K, reserved 1048576K
}
Event: 5.988 GC heap before
{Heap before GC invocations=7 (full 0):
 garbage-first heap   total 157696K, used 102232K [0x0000000081600000, 0x00000000817004d0, 0x0000000100000000)
  region size 1024K, 92 young (94208K), 10 survivors (10240K)
 Metaspace       used 30847K, capacity 31958K, committed 32256K, reserved 1077248K
  class space    used 3244K, capacity 3484K, committed 3584K, reserved 1048576K
}
Event: 6.009 GC heap after
{Heap after GC invocations=8 (full 0):
 garbage-first heap   total 157696K, used 30364K [0x0000000081600000, 0x00000000817004d0, 0x0000000100000000)
  region size 1024K, 12 young (12288K), 12 survivors (12288K)
 Metaspace       used 30847K, capacity 31958K, committed 32256K, reserved 1077248K
  class space    used 3244K, capacity 3484K, committed 3584K, reserved 1048576K
}
Event: 6.721 GC heap before
{Heap before GC invocations=8 (full 0):
 garbage-first heap   total 157696K, used 109212K [0x0000000081600000, 0x00000000817004d0, 0x0000000100000000)
  region size 1024K, 89 young (91136K), 12 survivors (12288K)
 Metaspace       used 30869K, capacity 32022K, committed 32256K, reserved 1077248K
  class space    used 3244K, capacity 3484K, committed 3584K, reserved 1048576K
}
Event: 6.742 GC heap after
{Heap after GC invocations=9 (full 0):
 garbage-first heap   total 157696K, used 42296K [0x0000000081600000, 0x00000000817004d0, 0x0000000100000000)
  region size 1024K, 12 young (12288K), 12 survivors (12288K)
 Metaspace       used 30869K, capacity 32022K, committed 32256K, reserved 1077248K
  class space    used 3244K, capacity 3484K, committed 3584K, reserved 1048576K
}
Event: 7.276 GC heap before
{Heap before GC invocations=9 (full 0):
 garbage-first heap   total 157696K, used 112952K [0x0000000081600000, 0x00000000817004d0, 0x0000000100000000)
  region size 1024K, 81 young (82944K), 12 survivors (12288K)
 Metaspace       used 30869K, capacity 32022K, committed 32256K, reserved 1077248K
  class space    used 3244K, capacity 3484K, committed 3584K, reserved 1048576K
}
Event: 7.288 GC heap after
{Heap after GC invocations=10 (full 0):
 garbage-first heap   total 157696K, used 44516K [0x0000000081600000, 0x00000000817004d0, 0x0000000100000000)
  region size 1024K, 11 young (11264K), 11 survivors (11264K)
 Metaspace       used 30869K, capacity 32022K, committed 32256K, reserved 1077248K
  class space    used 3244K, capacity 3484K, committed 3584K, reserved 1048576K
}
Event: 7.686 GC heap before
{Heap before GC invocations=10 (full 0):
 garbage-first heap   total 157696K, used 113124K [0x0000000081600000, 0x00000000817004d0, 0x0000000100000000)
  region size 1024K, 78 young (79872K), 11 survivors (11264K)
 Metaspace       used 30873K, capacity 32022K, committed 32256K, reserved 1077248K
  class space    used 3244K, capacity 3484K, committed 3584K, reserved 1048576K
}

