# JRE version: Java(TM) SE Runtime Environment (9.0+11) (build 9.0.4+11)
# Java VM: Java HotSpot(TM) 64-Bit Server VM (9.0.4+11, mixed mode, tiered, compressed oops, g1 gc, windows-amd64)
Heap:
 garbage-first heap   total 189440K, used 54609K [0x0000000081600000, 0x00000000817005c8, 0x0000000100000000)
  region size 1024K, 8 young (8192K), 8 survivors (8192K)
 Metaspace       used 40470K, capacity 42054K, committed 42320K, reserved 1087488K
  class space    used 4283K, capacity 4610K, committed 4736K, reserved 1048576K
GC Heap History (10 events):
Event: 6.755 GC heap after
{Heap after GC invocations=8 (full 0):
 garbage-first heap   total 157696K, used 25851K [0x0000000081600000, 0x00000000817004d0, 0x0000000100000000)
  region size 1024K, 2 young (2048K), 2 survivors (2048K)
 Metaspace       used 31502K, capacity 32488K, committed 32768K, reserved 1079296K
  class space    used 3325K, capacity 3553K, committed 3584K, reserved 1048576K
}
Event: 9.005 GC heap before
{Heap before GC invocations=8 (full 0):
 garbage-first heap   total 157696K, used 80123K [0x0000000081600000, 0x00000000817004d0, 0x0000000100000000)
  region size 1024K, 54 young (55296K), 2 survivors (2048K)
 Metaspace       used 33100K, capacity 34208K, committed 34432K, reserved 1079296K
  class space    used 3422K, capacity 3670K, committed 3712K, reserved 1048576K
}
Event: 9.012 GC heap after
{Heap after GC invocations=9 (full 0):
 garbage-first heap   total 157696K, used 29667K [0x0000000081600000, 0x00000000817004d0, 0x0000000100000000)
  region size 1024K, 5 young (5120K), 5 survivors (5120K)
 Metaspace       used 33100K, capacity 34208K, committed 34432K, reserved 1079296K
  class space    used 3422K, capacity 3670K, committed 3712K, reserved 1048576K
}
Event: 9.347 GC heap before
{Heap before GC invocations=9 (full 0):
 garbage-first heap   total 157696K, used 55267K [0x0000000081600000, 0x00000000817004d0, 0x0000000100000000)
  region size 1024K, 31 young (31744K), 5 survivors (5120K)
 Metaspace       used 34648K, capacity 35778K, committed 35920K, reserved 1081344K
  class space    used 3639K, capacity 3878K, committed 3968K, reserved 1048576K
}
Event: 9.355 GC heap after
{Heap after GC invocations=10 (full 0):
 garbage-first heap   total 157696K, used 33138K [0x0000000081600000, 0x00000000817004d0, 0x0000000100000000)
  region size 1024K, 8 young (8192K), 8 survivors (8192K)
 Metaspace       used 34648K, capacity 35778K, committed 35920K, reserved 1081344K
  class space    used 3639K, capacity 3878K, committed 3968K, reserved 1048576K
}
Event: 10.414 GC heap before
{Heap before GC invocations=11 (full 0):
 garbage-first heap   total 157696K, used 94578K [0x0000000081600000, 0x00000000817004d0, 0x0000000100000000)
  region size 1024K, 68 young (69632K), 8 survivors (8192K)
 Metaspace       used 40415K, capacity 41990K, committed 42320K, reserved 1087488K
  class space    used 4283K, capacity 4610K, committed 4736K, reserved 1048576K
}
Event: 10.429 GC heap after
{Heap after GC invocations=12 (full 0):
 garbage-first heap   total 157696K, used 41557K [0x0000000081600000, 0x00000000817004d0, 0x0000000100000000)
  region size 1024K, 9 young (9216K), 9 survivors (9216K)
 Metaspace       used 40415K, capacity 41990K, committed 42320K, reserved 1087488K
  class space    used 4283K, capacity 4610K, committed 4736K, reserved 1048576K
}
Event: 10.803 GC heap before
{Heap before GC invocations=12 (full 0):
 garbage-first heap   total 157696K, used 100949K [0x0000000081600000, 0x00000000817004d0, 0x0000000100000000)
  region size 1024K, 67 young (68608K), 9 survivors (9216K)
 Metaspace       used 40462K, capacity 42054K, committed 42320K, reserved 1087488K
  class space    used 4283K, capacity 4610K, committed 4736K, reserved 1048576K
}
Event: 10.818 GC heap after
{Heap after GC invocations=13 (full 0):
 garbage-first heap   total 157696K, used 50176K [0x0000000081600000, 0x00000000817004d0, 0x0000000100000000)
  region size 1024K, 9 young (9216K), 9 survivors (9216K)
 Metaspace       used 40462K, capacity 42054K, committed 42320K, reserved 1087488K
  class space    used 4283K, capacity 4610K, committed 4736K, reserved 1048576K
}
Event: 11.104 GC heap before
{Heap before GC invocations=13 (full 0):
 garbage-first heap   total 157696K, used 105472K [0x0000000081600000, 0x00000000817004d0, 0x0000000100000000)
  region size 1024K, 63 young (64512K), 9 survivors (9216K)
 Metaspace       used 40470K, capacity 42054K, committed 42320K, reserved 1087488K
  class space    used 4283K, capacity 4610K, committed 4736K, reserved 1048576K
}

